Compiling the C compiler identification source file "CMakeCCompilerId.c" failed.
Compiler: /Library/Developer/CommandLineTools/usr/bin/cc 
Build flags: -fPIC
Id flags:  

The output was:
1
ld: library not found for -lSystem
clang: error: linker command failed with exit code 1 (use -v to see invocation)


Performing C SOURCE FILE Test HAVE_STRUCT_STAT_ST_MTIM failed with the following output:
Change Dir: /Users/a.bouix/Documents/Rails/scheduled_tweet/vendor/bundle/ruby/3.0.0/gems/rugged-1.1.1/vendor/libgit2/build/CMakeFiles/CMakeTmp

Run Build Command(s):/usr/bin/make -f Makefile cmTC_9d601/fast && /Library/Developer/CommandLineTools/usr/bin/make  -f CMakeFiles/cmTC_9d601.dir/build.make CMakeFiles/cmTC_9d601.dir/build
Building C object CMakeFiles/cmTC_9d601.dir/src.c.o
/Library/Developer/CommandLineTools/usr/bin/cc -DHAVE_STRUCT_STAT_ST_MTIM  -fPIC  -isysroot /Library/Developer/CommandLineTools/SDKs/MacOSX11.1.sdk -MD -MT CMakeFiles/cmTC_9d601.dir/src.c.o -MF CMakeFiles/cmTC_9d601.dir/src.c.o.d -o CMakeFiles/cmTC_9d601.dir/src.c.o -c /Users/a.bouix/Documents/Rails/scheduled_tweet/vendor/bundle/ruby/3.0.0/gems/rugged-1.1.1/vendor/libgit2/build/CMakeFiles/CMakeTmp/src.c
/Users/a.bouix/Documents/Rails/scheduled_tweet/vendor/bundle/ruby/3.0.0/gems/rugged-1.1.1/vendor/libgit2/build/CMakeFiles/CMakeTmp/src.c:7:36: error: no member named 'st_mtim' in 'struct stat'
  (void)sizeof(((struct stat *)0)->st_mtim);
               ~~~~~~~~~~~~~~~~~~  ^
1 error generated.
make[1]: *** [CMakeFiles/cmTC_9d601.dir/src.c.o] Error 1
make: *** [cmTC_9d601/fast] Error 2


Source file was:

#include <sys/types.h>
#include <sys/stat.h>

int main()
{
  (void)sizeof(((struct stat *)0)->st_mtim);
  return 0;
}

Performing C SOURCE FILE Test HAVE_STRUCT_STAT_MTIME_NSEC failed with the following output:
Change Dir: /Users/a.bouix/Documents/Rails/scheduled_tweet/vendor/bundle/ruby/3.0.0/gems/rugged-1.1.1/vendor/libgit2/build/CMakeFiles/CMakeTmp

Run Build Command(s):/usr/bin/make -f Makefile cmTC_3625c/fast && /Library/Developer/CommandLineTools/usr/bin/make  -f CMakeFiles/cmTC_3625c.dir/build.make CMakeFiles/cmTC_3625c.dir/build
Building C object CMakeFiles/cmTC_3625c.dir/src.c.o
/Library/Developer/CommandLineTools/usr/bin/cc -DHAVE_STRUCT_STAT_MTIME_NSEC  -fPIC  -isysroot /Library/Developer/CommandLineTools/SDKs/MacOSX11.1.sdk -MD -MT CMakeFiles/cmTC_3625c.dir/src.c.o -MF CMakeFiles/cmTC_3625c.dir/src.c.o.d -o CMakeFiles/cmTC_3625c.dir/src.c.o -c /Users/a.bouix/Documents/Rails/scheduled_tweet/vendor/bundle/ruby/3.0.0/gems/rugged-1.1.1/vendor/libgit2/build/CMakeFiles/CMakeTmp/src.c
/Users/a.bouix/Documents/Rails/scheduled_tweet/vendor/bundle/ruby/3.0.0/gems/rugged-1.1.1/vendor/libgit2/build/CMakeFiles/CMakeTmp/src.c:6:36: error: no member named 'st_mtime_nsec' in 'struct stat'; did you mean 'st_mtimespec'?
  (void)sizeof(((struct stat *)0)->st_mtime_nsec);
                                   ^~~~~~~~~~~~~
                                   st_mtimespec
/Library/Developer/CommandLineTools/SDKs/MacOSX11.1.sdk/usr/include/sys/stat.h:182:13: note: 'st_mtimespec' declared here
struct stat __DARWIN_STRUCT_STAT64;
            ^
/Library/Developer/CommandLineTools/SDKs/MacOSX11.1.sdk/usr/include/sys/stat.h:166:2: note: expanded from macro '__DARWIN_STRUCT_STAT64'
        __DARWIN_STRUCT_STAT64_TIMES \
        ^
/Library/Developer/CommandLineTools/SDKs/MacOSX11.1.sdk/usr/include/sys/stat.h:130:18: note: expanded from macro '__DARWIN_STRUCT_STAT64_TIMES'
        struct timespec st_mtimespec;           /* time of last data modification */ \
                        ^
1 error generated.
make[1]: *** [CMakeFiles/cmTC_3625c.dir/src.c.o] Error 1
make: *** [cmTC_3625c/fast] Error 2


Source file was:

#include <sys/stat.h>

int main()
{
  (void)sizeof(((struct stat *)0)->st_mtime_nsec);
  return 0;
}

Determining if the prototype qsort_r exists for HAVE_QSORT_R_GNU failed with the following output:
Change Dir: /Users/a.bouix/Documents/Rails/scheduled_tweet/vendor/bundle/ruby/3.0.0/gems/rugged-1.1.1/vendor/libgit2/build/CMakeFiles/CMakeTmp

Run Build Command(s):/usr/bin/make -f Makefile cmTC_c3846/fast && /Library/Developer/CommandLineTools/usr/bin/make  -f CMakeFiles/cmTC_c3846.dir/build.make CMakeFiles/cmTC_c3846.dir/build
Building C object CMakeFiles/cmTC_c3846.dir/CheckPrototypeDefinition.c.o
/Library/Developer/CommandLineTools/usr/bin/cc   -D_GNU_SOURCE -fPIC -Wall -Wextra -Wdocumentation -Wno-documentation-deprecated-sync -Wno-missing-field-initializers -Wstrict-aliasing -Wstrict-prototypes -Wdeclaration-after-statement -Wshift-count-overflow -Wunused-const-variable -Wunused-function -Wint-conversion -Wformat -Wformat-security -Wmissing-declarations  -isysroot /Library/Developer/CommandLineTools/SDKs/MacOSX11.1.sdk -MD -MT CMakeFiles/cmTC_c3846.dir/CheckPrototypeDefinition.c.o -MF CMakeFiles/cmTC_c3846.dir/CheckPrototypeDefinition.c.o.d -o CMakeFiles/cmTC_c3846.dir/CheckPrototypeDefinition.c.o -c /Users/a.bouix/Documents/Rails/scheduled_tweet/vendor/bundle/ruby/3.0.0/gems/rugged-1.1.1/vendor/libgit2/build/CMakeFiles/CMakeTmp/CheckPrototypeDefinition.c
/Users/a.bouix/Documents/Rails/scheduled_tweet/vendor/bundle/ruby/3.0.0/gems/rugged-1.1.1/vendor/libgit2/build/CMakeFiles/CMakeTmp/CheckPrototypeDefinition.c:14:6: error: conflicting types for 'qsort_r'
void qsort_r(void *base, size_t nmemb, size_t size, int (*compar)(const void *, const void *, void *), void *arg) {
     ^
/Library/Developer/CommandLineTools/SDKs/MacOSX11.1.sdk/usr/include/stdlib.h:339:7: note: previous declaration is here
void     qsort_r(void *__base, size_t __nel, size_t __width, void *,
         ^
1 error generated.
make[1]: *** [CMakeFiles/cmTC_c3846.dir/CheckPrototypeDefinition.c.o] Error 1
make: *** [cmTC_c3846/fast] Error 2



#include <stdlib.h>


static void cmakeRequireSymbol(int dummy, ...) {
  (void) dummy;
}

static void checkSymbol(void) {
#ifndef qsort_r
  cmakeRequireSymbol(0, &qsort_r);
#endif
}

void qsort_r(void *base, size_t nmemb, size_t size, int (*compar)(const void *, const void *, void *), void *arg) {
  return ;
}

#ifdef __CLASSIC_C__
int main() {
  int ac;
  char*av[];
#else
int main(int ac, char *av[]) {
#endif
  checkSymbol();
  if (ac > 1000) {
    return *av[0];
  }
  return 0;
}


Determining if the function qsort_s exists failed with the following output:
Change Dir: /Users/a.bouix/Documents/Rails/scheduled_tweet/vendor/bundle/ruby/3.0.0/gems/rugged-1.1.1/vendor/libgit2/build/CMakeFiles/CMakeTmp

Run Build Command(s):/usr/bin/make -f Makefile cmTC_0eb44/fast && /Library/Developer/CommandLineTools/usr/bin/make  -f CMakeFiles/cmTC_0eb44.dir/build.make CMakeFiles/cmTC_0eb44.dir/build
Building C object CMakeFiles/cmTC_0eb44.dir/CheckFunctionExists.c.o
/Library/Developer/CommandLineTools/usr/bin/cc   -D_GNU_SOURCE -fPIC -Wall -Wextra -Wdocumentation -Wno-documentation-deprecated-sync -Wno-missing-field-initializers -Wstrict-aliasing -Wstrict-prototypes -Wdeclaration-after-statement -Wshift-count-overflow -Wunused-const-variable -Wunused-function -Wint-conversion -Wformat -Wformat-security -Wmissing-declarations -DCHECK_FUNCTION_EXISTS=qsort_s -isysroot /Library/Developer/CommandLineTools/SDKs/MacOSX11.1.sdk -MD -MT CMakeFiles/cmTC_0eb44.dir/CheckFunctionExists.c.o -MF CMakeFiles/cmTC_0eb44.dir/CheckFunctionExists.c.o.d -o CMakeFiles/cmTC_0eb44.dir/CheckFunctionExists.c.o -c /usr/local/Cellar/cmake/3.21.1/share/cmake/Modules/CheckFunctionExists.c
Linking C executable cmTC_0eb44
/usr/local/Cellar/cmake/3.21.1/bin/cmake -E cmake_link_script CMakeFiles/cmTC_0eb44.dir/link.txt --verbose=1
/Library/Developer/CommandLineTools/usr/bin/cc -D_GNU_SOURCE -fPIC -Wall -Wextra -Wdocumentation -Wno-documentation-deprecated-sync -Wno-missing-field-initializers -Wstrict-aliasing -Wstrict-prototypes -Wdeclaration-after-statement -Wshift-count-overflow -Wunused-const-variable -Wunused-function -Wint-conversion -Wformat -Wformat-security -Wmissing-declarations -DCHECK_FUNCTION_EXISTS=qsort_s -isysroot /Library/Developer/CommandLineTools/SDKs/MacOSX11.1.sdk -Wl,-search_paths_first -Wl,-headerpad_max_install_names CMakeFiles/cmTC_0eb44.dir/CheckFunctionExists.c.o -o cmTC_0eb44 
Undefined symbols for architecture x86_64:
  "_qsort_s", referenced from:
      _main in CheckFunctionExists.c.o
ld: symbol(s) not found for architecture x86_64
clang: error: linker command failed with exit code 1 (use -v to see invocation)
make[1]: *** [cmTC_0eb44] Error 1
make: *** [cmTC_0eb44/fast] Error 2



Determining if the function clock_gettime exists in the rt failed with the following output:
Change Dir: /Users/a.bouix/Documents/Rails/scheduled_tweet/vendor/bundle/ruby/3.0.0/gems/rugged-1.1.1/vendor/libgit2/build/CMakeFiles/CMakeTmp

Run Build Command(s):/usr/bin/make -f Makefile cmTC_a84ef/fast && /Library/Developer/CommandLineTools/usr/bin/make  -f CMakeFiles/cmTC_a84ef.dir/build.make CMakeFiles/cmTC_a84ef.dir/build
Building C object CMakeFiles/cmTC_a84ef.dir/CheckFunctionExists.c.o
/Library/Developer/CommandLineTools/usr/bin/cc   -D_GNU_SOURCE -fPIC -Wall -Wextra -Wdocumentation -Wno-documentation-deprecated-sync -Wno-missing-field-initializers -Wstrict-aliasing -Wstrict-prototypes -Wdeclaration-after-statement -Wshift-count-overflow -Wunused-const-variable -Wunused-function -Wint-conversion -Wformat -Wformat-security -Wmissing-declarations -DCHECK_FUNCTION_EXISTS=clock_gettime -isysroot /Library/Developer/CommandLineTools/SDKs/MacOSX11.1.sdk -MD -MT CMakeFiles/cmTC_a84ef.dir/CheckFunctionExists.c.o -MF CMakeFiles/cmTC_a84ef.dir/CheckFunctionExists.c.o.d -o CMakeFiles/cmTC_a84ef.dir/CheckFunctionExists.c.o -c /usr/local/Cellar/cmake/3.21.1/share/cmake/Modules/CheckFunctionExists.c
Linking C executable cmTC_a84ef
/usr/local/Cellar/cmake/3.21.1/bin/cmake -E cmake_link_script CMakeFiles/cmTC_a84ef.dir/link.txt --verbose=1
/Library/Developer/CommandLineTools/usr/bin/cc -D_GNU_SOURCE -fPIC -Wall -Wextra -Wdocumentation -Wno-documentation-deprecated-sync -Wno-missing-field-initializers -Wstrict-aliasing -Wstrict-prototypes -Wdeclaration-after-statement -Wshift-count-overflow -Wunused-const-variable -Wunused-function -Wint-conversion -Wformat -Wformat-security -Wmissing-declarations -DCHECK_FUNCTION_EXISTS=clock_gettime -isysroot /Library/Developer/CommandLineTools/SDKs/MacOSX11.1.sdk -Wl,-search_paths_first -Wl,-headerpad_max_install_names CMakeFiles/cmTC_a84ef.dir/CheckFunctionExists.c.o -o cmTC_a84ef   -L/Users/a.bouix/Documents/Rails/scheduled_tweet/vendor/bundle/ruby/3.0.0/gems/rugged-1.1.1/vendor/libgit2/build/CMakeFiles/CMakeTmp/time.h  -Wl,-rpath,/Users/a.bouix/Documents/Rails/scheduled_tweet/vendor/bundle/ruby/3.0.0/gems/rugged-1.1.1/vendor/libgit2/build/CMakeFiles/CMakeTmp/time.h -lrt 
ld: warning: directory not found for option '-L/Users/a.bouix/Documents/Rails/scheduled_tweet/vendor/bundle/ruby/3.0.0/gems/rugged-1.1.1/vendor/libgit2/build/CMakeFiles/CMakeTmp/time.h'
ld: library not found for -lrt
clang: error: linker command failed with exit code 1 (use -v to see invocation)
make[1]: *** [cmTC_a84ef] Error 1
make: *** [cmTC_a84ef/fast] Error 2



Determining if the include file windows.h exists failed with the following output:
Change Dir: /Users/a.bouix/Documents/Rails/scheduled_tweet/vendor/bundle/ruby/3.0.0/gems/rugged-1.1.1/vendor/libgit2/build/CMakeFiles/CMakeTmp

Run Build Command(s):/usr/bin/make -f Makefile cmTC_e4f14/fast && /Library/Developer/CommandLineTools/usr/bin/make  -f CMakeFiles/cmTC_e4f14.dir/build.make CMakeFiles/cmTC_e4f14.dir/build
Building C object CMakeFiles/cmTC_e4f14.dir/CheckIncludeFile.c.o
/Library/Developer/CommandLineTools/usr/bin/cc   -D_GNU_SOURCE -fPIC -Wall -Wextra -Wdocumentation -Wno-documentation-deprecated-sync -Wno-missing-field-initializers -Wstrict-aliasing -Wstrict-prototypes -Wdeclaration-after-statement -Wshift-count-overflow -Wunused-const-variable -Wunused-function -Wint-conversion -Wformat -Wformat-security -Wmissing-declarations  -isysroot /Library/Developer/CommandLineTools/SDKs/MacOSX11.1.sdk -MD -MT CMakeFiles/cmTC_e4f14.dir/CheckIncludeFile.c.o -MF CMakeFiles/cmTC_e4f14.dir/CheckIncludeFile.c.o.d -o CMakeFiles/cmTC_e4f14.dir/CheckIncludeFile.c.o -c /Users/a.bouix/Documents/Rails/scheduled_tweet/vendor/bundle/ruby/3.0.0/gems/rugged-1.1.1/vendor/libgit2/build/CMakeFiles/CMakeTmp/CheckIncludeFile.c
/Users/a.bouix/Documents/Rails/scheduled_tweet/vendor/bundle/ruby/3.0.0/gems/rugged-1.1.1/vendor/libgit2/build/CMakeFiles/CMakeTmp/CheckIncludeFile.c:1:10: fatal error: 'windows.h' file not found
#include <windows.h>
         ^~~~~~~~~~~
1 error generated.
make[1]: *** [CMakeFiles/cmTC_e4f14.dir/CheckIncludeFile.c.o] Error 1
make: *** [cmTC_e4f14/fast] Error 2



Determining if the function _strtoi64 exists failed with the following output:
Change Dir: /Users/a.bouix/Documents/Rails/scheduled_tweet/vendor/bundle/ruby/3.0.0/gems/rugged-1.1.1/vendor/libgit2/build/CMakeFiles/CMakeTmp

Run Build Command(s):/usr/bin/make -f Makefile cmTC_0166a/fast && /Library/Developer/CommandLineTools/usr/bin/make  -f CMakeFiles/cmTC_0166a.dir/build.make CMakeFiles/cmTC_0166a.dir/build
Building C object CMakeFiles/cmTC_0166a.dir/CheckFunctionExists.c.o
/Library/Developer/CommandLineTools/usr/bin/cc   -D_GNU_SOURCE -fPIC -Wall -Wextra -Wdocumentation -Wno-documentation-deprecated-sync -Wno-missing-field-initializers -Wstrict-aliasing -Wstrict-prototypes -Wdeclaration-after-statement -Wshift-count-overflow -Wunused-const-variable -Wunused-function -Wint-conversion -Wformat -Wformat-security -Wmissing-declarations -DCHECK_FUNCTION_EXISTS=_strtoi64 -isysroot /Library/Developer/CommandLineTools/SDKs/MacOSX11.1.sdk -MD -MT CMakeFiles/cmTC_0166a.dir/CheckFunctionExists.c.o -MF CMakeFiles/cmTC_0166a.dir/CheckFunctionExists.c.o.d -o CMakeFiles/cmTC_0166a.dir/CheckFunctionExists.c.o -c /usr/local/Cellar/cmake/3.21.1/share/cmake/Modules/CheckFunctionExists.c
Linking C executable cmTC_0166a
/usr/local/Cellar/cmake/3.21.1/bin/cmake -E cmake_link_script CMakeFiles/cmTC_0166a.dir/link.txt --verbose=1
/Library/Developer/CommandLineTools/usr/bin/cc -D_GNU_SOURCE -fPIC -Wall -Wextra -Wdocumentation -Wno-documentation-deprecated-sync -Wno-missing-field-initializers -Wstrict-aliasing -Wstrict-prototypes -Wdeclaration-after-statement -Wshift-count-overflow -Wunused-const-variable -Wunused-function -Wint-conversion -Wformat -Wformat-security -Wmissing-declarations -DCHECK_FUNCTION_EXISTS=_strtoi64 -isysroot /Library/Developer/CommandLineTools/SDKs/MacOSX11.1.sdk -Wl,-search_paths_first -Wl,-headerpad_max_install_names CMakeFiles/cmTC_0166a.dir/CheckFunctionExists.c.o -o cmTC_0166a 
Undefined symbols for architecture x86_64:
  "__strtoi64", referenced from:
      _main in CheckFunctionExists.c.o
ld: symbol(s) not found for architecture x86_64
clang: error: linker command failed with exit code 1 (use -v to see invocation)
make[1]: *** [cmTC_0166a] Error 1
make: *** [cmTC_0166a/fast] Error 2



Performing C SOURCE FILE Test IS_WIMPLICIT_FALLTHROUGH_1_SUPPORTED failed with the following output:
Change Dir: /Users/a.bouix/Documents/Rails/scheduled_tweet/vendor/bundle/ruby/3.0.0/gems/rugged-1.1.1/vendor/libgit2/build/CMakeFiles/CMakeTmp

Run Build Command(s):/usr/bin/make -f Makefile cmTC_faf00/fast && /Library/Developer/CommandLineTools/usr/bin/make  -f CMakeFiles/cmTC_faf00.dir/build.make CMakeFiles/cmTC_faf00.dir/build
Building C object CMakeFiles/cmTC_faf00.dir/src.c.o
/Library/Developer/CommandLineTools/usr/bin/cc -DIS_WIMPLICIT_FALLTHROUGH_1_SUPPORTED  -D_GNU_SOURCE -fPIC -Wall -Wextra -Wdocumentation -Wno-documentation-deprecated-sync -Wno-missing-field-initializers -Wstrict-aliasing -Wstrict-prototypes -Wdeclaration-after-statement -Wshift-count-overflow -Wunused-const-variable -Wunused-function -Wint-conversion -Wformat -Wformat-security -Wmissing-declarations  -isysroot /Library/Developer/CommandLineTools/SDKs/MacOSX11.1.sdk   -Wimplicit-fallthrough=1 -MD -MT CMakeFiles/cmTC_faf00.dir/src.c.o -MF CMakeFiles/cmTC_faf00.dir/src.c.o.d -o CMakeFiles/cmTC_faf00.dir/src.c.o -c /Users/a.bouix/Documents/Rails/scheduled_tweet/vendor/bundle/ruby/3.0.0/gems/rugged-1.1.1/vendor/libgit2/build/CMakeFiles/CMakeTmp/src.c
warning: unknown warning option '-Wimplicit-fallthrough=1'; did you mean '-Wimplicit-fallthrough'? [-Wunknown-warning-option]
1 warning generated.
Linking C executable cmTC_faf00
/usr/local/Cellar/cmake/3.21.1/bin/cmake -E cmake_link_script CMakeFiles/cmTC_faf00.dir/link.txt --verbose=1
/Library/Developer/CommandLineTools/usr/bin/cc -D_GNU_SOURCE -fPIC -Wall -Wextra -Wdocumentation -Wno-documentation-deprecated-sync -Wno-missing-field-initializers -Wstrict-aliasing -Wstrict-prototypes -Wdeclaration-after-statement -Wshift-count-overflow -Wunused-const-variable -Wunused-function -Wint-conversion -Wformat -Wformat-security -Wmissing-declarations  -isysroot /Library/Developer/CommandLineTools/SDKs/MacOSX11.1.sdk -Wl,-search_paths_first -Wl,-headerpad_max_install_names CMakeFiles/cmTC_faf00.dir/src.c.o -o cmTC_faf00 


Source file was:
int main(void) { return 0; }
Determining if the function iconv_open exists failed with the following output:
Change Dir: /Users/a.bouix/Documents/Rails/scheduled_tweet/vendor/bundle/ruby/3.0.0/gems/rugged-1.1.1/vendor/libgit2/build/CMakeFiles/CMakeTmp

Run Build Command(s):/usr/bin/make -f Makefile cmTC_3eaaa/fast && /Library/Developer/CommandLineTools/usr/bin/make  -f CMakeFiles/cmTC_3eaaa.dir/build.make CMakeFiles/cmTC_3eaaa.dir/build
Building C object CMakeFiles/cmTC_3eaaa.dir/CheckFunctionExists.c.o
/Library/Developer/CommandLineTools/usr/bin/cc   -D_GNU_SOURCE -fPIC -Wall -Wextra -Wdocumentation -Wno-documentation-deprecated-sync -Wno-missing-field-initializers -Wstrict-aliasing -Wstrict-prototypes -Wdeclaration-after-statement -Wshift-count-overflow -Wunused-const-variable -Wunused-function -Wint-conversion -Wformat -Wformat-security -Wmissing-declarations -DCHECK_FUNCTION_EXISTS=iconv_open -isysroot /Library/Developer/CommandLineTools/SDKs/MacOSX11.1.sdk -MD -MT CMakeFiles/cmTC_3eaaa.dir/CheckFunctionExists.c.o -MF CMakeFiles/cmTC_3eaaa.dir/CheckFunctionExists.c.o.d -o CMakeFiles/cmTC_3eaaa.dir/CheckFunctionExists.c.o -c /usr/local/Cellar/cmake/3.21.1/share/cmake/Modules/CheckFunctionExists.c
Linking C executable cmTC_3eaaa
/usr/local/Cellar/cmake/3.21.1/bin/cmake -E cmake_link_script CMakeFiles/cmTC_3eaaa.dir/link.txt --verbose=1
/Library/Developer/CommandLineTools/usr/bin/cc -D_GNU_SOURCE -fPIC -Wall -Wextra -Wdocumentation -Wno-documentation-deprecated-sync -Wno-missing-field-initializers -Wstrict-aliasing -Wstrict-prototypes -Wdeclaration-after-statement -Wshift-count-overflow -Wunused-const-variable -Wunused-function -Wint-conversion -Wformat -Wformat-security -Wmissing-declarations -DCHECK_FUNCTION_EXISTS=iconv_open -isysroot /Library/Developer/CommandLineTools/SDKs/MacOSX11.1.sdk -Wl,-search_paths_first -Wl,-headerpad_max_install_names CMakeFiles/cmTC_3eaaa.dir/CheckFunctionExists.c.o -o cmTC_3eaaa 
Undefined symbols for architecture x86_64:
  "_iconv_open", referenced from:
      _main in CheckFunctionExists.c.o
ld: symbol(s) not found for architecture x86_64
clang: error: linker command failed with exit code 1 (use -v to see invocation)
make[1]: *** [cmTC_3eaaa] Error 1
make: *** [cmTC_3eaaa/fast] Error 2



