Compiling the C compiler identification source file "CMakeCCompilerId.c" failed.
Compiler: /Library/Developer/CommandLineTools/usr/bin/cc 
Build flags: -fPIC
Id flags:  

The output was:
1
ld: library not found for -lSystem
clang: error: linker command failed with exit code 1 (use -v to see invocation)


Performing C SOURCE FILE Test HAVE_STRUCT_STAT_ST_MTIM failed with the following output:
Change Dir: /Users/a.bouix/Documents/Rails/scheduled_tweet/vendor/bundle/ruby/3.0.0/gems/rugged-1.2.0/vendor/libgit2/build/CMakeFiles/CMakeTmp

Run Build Command(s):/usr/bin/make -f Makefile cmTC_e2908/fast && /Library/Developer/CommandLineTools/usr/bin/make  -f CMakeFiles/cmTC_e2908.dir/build.make CMakeFiles/cmTC_e2908.dir/build
Building C object CMakeFiles/cmTC_e2908.dir/src.c.o
/Library/Developer/CommandLineTools/usr/bin/cc -DHAVE_STRUCT_STAT_ST_MTIM  -fPIC  -isysroot /Library/Developer/CommandLineTools/SDKs/MacOSX11.3.sdk -MD -MT CMakeFiles/cmTC_e2908.dir/src.c.o -MF CMakeFiles/cmTC_e2908.dir/src.c.o.d -o CMakeFiles/cmTC_e2908.dir/src.c.o -c /Users/a.bouix/Documents/Rails/scheduled_tweet/vendor/bundle/ruby/3.0.0/gems/rugged-1.2.0/vendor/libgit2/build/CMakeFiles/CMakeTmp/src.c
/Users/a.bouix/Documents/Rails/scheduled_tweet/vendor/bundle/ruby/3.0.0/gems/rugged-1.2.0/vendor/libgit2/build/CMakeFiles/CMakeTmp/src.c:7:36: error: no member named 'st_mtim' in 'struct stat'
  (void)sizeof(((struct stat *)0)->st_mtim);
               ~~~~~~~~~~~~~~~~~~  ^
1 error generated.
make[1]: *** [CMakeFiles/cmTC_e2908.dir/src.c.o] Error 1
make: *** [cmTC_e2908/fast] Error 2


Source file was:

#include <sys/types.h>
#include <sys/stat.h>

int main()
{
  (void)sizeof(((struct stat *)0)->st_mtim);
  return 0;
}

Performing C SOURCE FILE Test HAVE_STRUCT_STAT_MTIME_NSEC failed with the following output:
Change Dir: /Users/a.bouix/Documents/Rails/scheduled_tweet/vendor/bundle/ruby/3.0.0/gems/rugged-1.2.0/vendor/libgit2/build/CMakeFiles/CMakeTmp

Run Build Command(s):/usr/bin/make -f Makefile cmTC_e3001/fast && /Library/Developer/CommandLineTools/usr/bin/make  -f CMakeFiles/cmTC_e3001.dir/build.make CMakeFiles/cmTC_e3001.dir/build
Building C object CMakeFiles/cmTC_e3001.dir/src.c.o
/Library/Developer/CommandLineTools/usr/bin/cc -DHAVE_STRUCT_STAT_MTIME_NSEC  -fPIC  -isysroot /Library/Developer/CommandLineTools/SDKs/MacOSX11.3.sdk -MD -MT CMakeFiles/cmTC_e3001.dir/src.c.o -MF CMakeFiles/cmTC_e3001.dir/src.c.o.d -o CMakeFiles/cmTC_e3001.dir/src.c.o -c /Users/a.bouix/Documents/Rails/scheduled_tweet/vendor/bundle/ruby/3.0.0/gems/rugged-1.2.0/vendor/libgit2/build/CMakeFiles/CMakeTmp/src.c
/Users/a.bouix/Documents/Rails/scheduled_tweet/vendor/bundle/ruby/3.0.0/gems/rugged-1.2.0/vendor/libgit2/build/CMakeFiles/CMakeTmp/src.c:6:36: error: no member named 'st_mtime_nsec' in 'struct stat'; did you mean 'st_mtimespec'?
  (void)sizeof(((struct stat *)0)->st_mtime_nsec);
                                   ^~~~~~~~~~~~~
                                   st_mtimespec
/Library/Developer/CommandLineTools/SDKs/MacOSX11.3.sdk/usr/include/sys/stat.h:182:13: note: 'st_mtimespec' declared here
struct stat __DARWIN_STRUCT_STAT64;
            ^
/Library/Developer/CommandLineTools/SDKs/MacOSX11.3.sdk/usr/include/sys/stat.h:166:2: note: expanded from macro '__DARWIN_STRUCT_STAT64'
        __DARWIN_STRUCT_STAT64_TIMES \
        ^
/Library/Developer/CommandLineTools/SDKs/MacOSX11.3.sdk/usr/include/sys/stat.h:130:18: note: expanded from macro '__DARWIN_STRUCT_STAT64_TIMES'
        struct timespec st_mtimespec;           /* time of last data modification */ \
                        ^
1 error generated.
make[1]: *** [CMakeFiles/cmTC_e3001.dir/src.c.o] Error 1
make: *** [cmTC_e3001/fast] Error 2


Source file was:

#include <sys/stat.h>

int main()
{
  (void)sizeof(((struct stat *)0)->st_mtime_nsec);
  return 0;
}

Performing C SOURCE FILE Test IS_WC99_C11_COMPAT_SUPPORTED failed with the following output:
Change Dir: /Users/a.bouix/Documents/Rails/scheduled_tweet/vendor/bundle/ruby/3.0.0/gems/rugged-1.2.0/vendor/libgit2/build/CMakeFiles/CMakeTmp

Run Build Command(s):/usr/bin/make -f Makefile cmTC_908e3/fast && /Library/Developer/CommandLineTools/usr/bin/make  -f CMakeFiles/cmTC_908e3.dir/build.make CMakeFiles/cmTC_908e3.dir/build
Building C object CMakeFiles/cmTC_908e3.dir/src.c.o
/Library/Developer/CommandLineTools/usr/bin/cc -DIS_WC99_C11_COMPAT_SUPPORTED  -D_GNU_SOURCE -fPIC -Werror -Wno-error -Wall -Wextra -Wdocumentation -Wno-documentation-deprecated-sync -Wno-missing-field-initializers -Wstrict-aliasing -Wstrict-prototypes -Wdeclaration-after-statement -Wshift-count-overflow -Wunused-const-variable -Wunused-function -Wint-conversion -Wc11-extensions  -isysroot /Library/Developer/CommandLineTools/SDKs/MacOSX11.3.sdk   -Wc99-c11-compat -MD -MT CMakeFiles/cmTC_908e3.dir/src.c.o -MF CMakeFiles/cmTC_908e3.dir/src.c.o.d -o CMakeFiles/cmTC_908e3.dir/src.c.o -c /Users/a.bouix/Documents/Rails/scheduled_tweet/vendor/bundle/ruby/3.0.0/gems/rugged-1.2.0/vendor/libgit2/build/CMakeFiles/CMakeTmp/src.c
warning: unknown warning option '-Wc99-c11-compat' [-Wunknown-warning-option]
1 warning generated.
Linking C executable cmTC_908e3
/usr/local/Cellar/cmake/3.21.1/bin/cmake -E cmake_link_script CMakeFiles/cmTC_908e3.dir/link.txt --verbose=1
/Library/Developer/CommandLineTools/usr/bin/cc -D_GNU_SOURCE -fPIC -Werror -Wno-error -Wall -Wextra -Wdocumentation -Wno-documentation-deprecated-sync -Wno-missing-field-initializers -Wstrict-aliasing -Wstrict-prototypes -Wdeclaration-after-statement -Wshift-count-overflow -Wunused-const-variable -Wunused-function -Wint-conversion -Wc11-extensions  -isysroot /Library/Developer/CommandLineTools/SDKs/MacOSX11.3.sdk -Wl,-search_paths_first -Wl,-headerpad_max_install_names CMakeFiles/cmTC_908e3.dir/src.c.o -o cmTC_908e3 


Source file was:
int main(void) { return 0; }
Determining if the prototype qsort_r exists for HAVE_QSORT_R_GNU failed with the following output:
Change Dir: /Users/a.bouix/Documents/Rails/scheduled_tweet/vendor/bundle/ruby/3.0.0/gems/rugged-1.2.0/vendor/libgit2/build/CMakeFiles/CMakeTmp

Run Build Command(s):/usr/bin/make -f Makefile cmTC_8cf02/fast && /Library/Developer/CommandLineTools/usr/bin/make  -f CMakeFiles/cmTC_8cf02.dir/build.make CMakeFiles/cmTC_8cf02.dir/build
Building C object CMakeFiles/cmTC_8cf02.dir/CheckPrototypeDefinition.c.o
/Library/Developer/CommandLineTools/usr/bin/cc   -D_GNU_SOURCE -fPIC -Werror -Wno-error -Wall -Wextra -Wdocumentation -Wno-documentation-deprecated-sync -Wno-missing-field-initializers -Wstrict-aliasing -Wstrict-prototypes -Wdeclaration-after-statement -Wshift-count-overflow -Wunused-const-variable -Wunused-function -Wint-conversion -Wc11-extensions -Wformat -Wformat-security -Wmissing-declarations  -isysroot /Library/Developer/CommandLineTools/SDKs/MacOSX11.3.sdk -MD -MT CMakeFiles/cmTC_8cf02.dir/CheckPrototypeDefinition.c.o -MF CMakeFiles/cmTC_8cf02.dir/CheckPrototypeDefinition.c.o.d -o CMakeFiles/cmTC_8cf02.dir/CheckPrototypeDefinition.c.o -c /Users/a.bouix/Documents/Rails/scheduled_tweet/vendor/bundle/ruby/3.0.0/gems/rugged-1.2.0/vendor/libgit2/build/CMakeFiles/CMakeTmp/CheckPrototypeDefinition.c
/Users/a.bouix/Documents/Rails/scheduled_tweet/vendor/bundle/ruby/3.0.0/gems/rugged-1.2.0/vendor/libgit2/build/CMakeFiles/CMakeTmp/CheckPrototypeDefinition.c:14:6: error: conflicting types for 'qsort_r'
void qsort_r(void *base, size_t nmemb, size_t size, int (*compar)(const void *, const void *, void *), void *arg) {
     ^
/Library/Developer/CommandLineTools/SDKs/MacOSX11.3.sdk/usr/include/stdlib.h:339:7: note: previous declaration is here
void     qsort_r(void *__base, size_t __nel, size_t __width, void *,
         ^
1 error generated.
make[1]: *** [CMakeFiles/cmTC_8cf02.dir/CheckPrototypeDefinition.c.o] Error 1
make: *** [cmTC_8cf02/fast] Error 2



#include <stdlib.h>


static void cmakeRequireSymbol(int dummy, ...) {
  (void) dummy;
}

static void checkSymbol(void) {
#ifndef qsort_r
  cmakeRequireSymbol(0, &qsort_r);
#endif
}

void qsort_r(void *base, size_t nmemb, size_t size, int (*compar)(const void *, const void *, void *), void *arg) {
  return ;
}

#ifdef __CLASSIC_C__
int main() {
  int ac;
  char*av[];
#else
int main(int ac, char *av[]) {
#endif
  checkSymbol();
  if (ac > 1000) {
    return *av[0];
  }
  return 0;
}


Determining if the function qsort_s exists failed with the following output:
Change Dir: /Users/a.bouix/Documents/Rails/scheduled_tweet/vendor/bundle/ruby/3.0.0/gems/rugged-1.2.0/vendor/libgit2/build/CMakeFiles/CMakeTmp

Run Build Command(s):/usr/bin/make -f Makefile cmTC_0f65c/fast && /Library/Developer/CommandLineTools/usr/bin/make  -f CMakeFiles/cmTC_0f65c.dir/build.make CMakeFiles/cmTC_0f65c.dir/build
Building C object CMakeFiles/cmTC_0f65c.dir/CheckFunctionExists.c.o
/Library/Developer/CommandLineTools/usr/bin/cc   -D_GNU_SOURCE -fPIC -Werror -Wno-error -Wall -Wextra -Wdocumentation -Wno-documentation-deprecated-sync -Wno-missing-field-initializers -Wstrict-aliasing -Wstrict-prototypes -Wdeclaration-after-statement -Wshift-count-overflow -Wunused-const-variable -Wunused-function -Wint-conversion -Wc11-extensions -Wformat -Wformat-security -Wmissing-declarations -DCHECK_FUNCTION_EXISTS=qsort_s -isysroot /Library/Developer/CommandLineTools/SDKs/MacOSX11.3.sdk -MD -MT CMakeFiles/cmTC_0f65c.dir/CheckFunctionExists.c.o -MF CMakeFiles/cmTC_0f65c.dir/CheckFunctionExists.c.o.d -o CMakeFiles/cmTC_0f65c.dir/CheckFunctionExists.c.o -c /usr/local/Cellar/cmake/3.21.1/share/cmake/Modules/CheckFunctionExists.c
Linking C executable cmTC_0f65c
/usr/local/Cellar/cmake/3.21.1/bin/cmake -E cmake_link_script CMakeFiles/cmTC_0f65c.dir/link.txt --verbose=1
/Library/Developer/CommandLineTools/usr/bin/cc -D_GNU_SOURCE -fPIC -Werror -Wno-error -Wall -Wextra -Wdocumentation -Wno-documentation-deprecated-sync -Wno-missing-field-initializers -Wstrict-aliasing -Wstrict-prototypes -Wdeclaration-after-statement -Wshift-count-overflow -Wunused-const-variable -Wunused-function -Wint-conversion -Wc11-extensions -Wformat -Wformat-security -Wmissing-declarations -DCHECK_FUNCTION_EXISTS=qsort_s -isysroot /Library/Developer/CommandLineTools/SDKs/MacOSX11.3.sdk -Wl,-search_paths_first -Wl,-headerpad_max_install_names CMakeFiles/cmTC_0f65c.dir/CheckFunctionExists.c.o -o cmTC_0f65c 
Undefined symbols for architecture x86_64:
  "_qsort_s", referenced from:
      _main in CheckFunctionExists.c.o
ld: symbol(s) not found for architecture x86_64
clang: error: linker command failed with exit code 1 (use -v to see invocation)
make[1]: *** [cmTC_0f65c] Error 1
make: *** [cmTC_0f65c/fast] Error 2



Determining if the function clock_gettime exists in the rt failed with the following output:
Change Dir: /Users/a.bouix/Documents/Rails/scheduled_tweet/vendor/bundle/ruby/3.0.0/gems/rugged-1.2.0/vendor/libgit2/build/CMakeFiles/CMakeTmp

Run Build Command(s):/usr/bin/make -f Makefile cmTC_d269a/fast && /Library/Developer/CommandLineTools/usr/bin/make  -f CMakeFiles/cmTC_d269a.dir/build.make CMakeFiles/cmTC_d269a.dir/build
Building C object CMakeFiles/cmTC_d269a.dir/CheckFunctionExists.c.o
/Library/Developer/CommandLineTools/usr/bin/cc   -D_GNU_SOURCE -fPIC -Werror -Wno-error -Wall -Wextra -Wdocumentation -Wno-documentation-deprecated-sync -Wno-missing-field-initializers -Wstrict-aliasing -Wstrict-prototypes -Wdeclaration-after-statement -Wshift-count-overflow -Wunused-const-variable -Wunused-function -Wint-conversion -Wc11-extensions -Wformat -Wformat-security -Wmissing-declarations -DCHECK_FUNCTION_EXISTS=clock_gettime -isysroot /Library/Developer/CommandLineTools/SDKs/MacOSX11.3.sdk -MD -MT CMakeFiles/cmTC_d269a.dir/CheckFunctionExists.c.o -MF CMakeFiles/cmTC_d269a.dir/CheckFunctionExists.c.o.d -o CMakeFiles/cmTC_d269a.dir/CheckFunctionExists.c.o -c /usr/local/Cellar/cmake/3.21.1/share/cmake/Modules/CheckFunctionExists.c
Linking C executable cmTC_d269a
/usr/local/Cellar/cmake/3.21.1/bin/cmake -E cmake_link_script CMakeFiles/cmTC_d269a.dir/link.txt --verbose=1
/Library/Developer/CommandLineTools/usr/bin/cc -D_GNU_SOURCE -fPIC -Werror -Wno-error -Wall -Wextra -Wdocumentation -Wno-documentation-deprecated-sync -Wno-missing-field-initializers -Wstrict-aliasing -Wstrict-prototypes -Wdeclaration-after-statement -Wshift-count-overflow -Wunused-const-variable -Wunused-function -Wint-conversion -Wc11-extensions -Wformat -Wformat-security -Wmissing-declarations -DCHECK_FUNCTION_EXISTS=clock_gettime -isysroot /Library/Developer/CommandLineTools/SDKs/MacOSX11.3.sdk -Wl,-search_paths_first -Wl,-headerpad_max_install_names CMakeFiles/cmTC_d269a.dir/CheckFunctionExists.c.o -o cmTC_d269a   -L/Users/a.bouix/Documents/Rails/scheduled_tweet/vendor/bundle/ruby/3.0.0/gems/rugged-1.2.0/vendor/libgit2/build/CMakeFiles/CMakeTmp/time.h  -Wl,-rpath,/Users/a.bouix/Documents/Rails/scheduled_tweet/vendor/bundle/ruby/3.0.0/gems/rugged-1.2.0/vendor/libgit2/build/CMakeFiles/CMakeTmp/time.h -lrt 
ld: warning: directory not found for option '-L/Users/a.bouix/Documents/Rails/scheduled_tweet/vendor/bundle/ruby/3.0.0/gems/rugged-1.2.0/vendor/libgit2/build/CMakeFiles/CMakeTmp/time.h'
ld: library not found for -lrt
clang: error: linker command failed with exit code 1 (use -v to see invocation)
make[1]: *** [cmTC_d269a] Error 1
make: *** [cmTC_d269a/fast] Error 2



Determining if the include file windows.h exists failed with the following output:
Change Dir: /Users/a.bouix/Documents/Rails/scheduled_tweet/vendor/bundle/ruby/3.0.0/gems/rugged-1.2.0/vendor/libgit2/build/CMakeFiles/CMakeTmp

Run Build Command(s):/usr/bin/make -f Makefile cmTC_30d6e/fast && /Library/Developer/CommandLineTools/usr/bin/make  -f CMakeFiles/cmTC_30d6e.dir/build.make CMakeFiles/cmTC_30d6e.dir/build
Building C object CMakeFiles/cmTC_30d6e.dir/CheckIncludeFile.c.o
/Library/Developer/CommandLineTools/usr/bin/cc   -D_GNU_SOURCE -fPIC -Werror -Wno-error -Wall -Wextra -Wdocumentation -Wno-documentation-deprecated-sync -Wno-missing-field-initializers -Wstrict-aliasing -Wstrict-prototypes -Wdeclaration-after-statement -Wshift-count-overflow -Wunused-const-variable -Wunused-function -Wint-conversion -Wc11-extensions -Wformat -Wformat-security -Wmissing-declarations  -isysroot /Library/Developer/CommandLineTools/SDKs/MacOSX11.3.sdk -MD -MT CMakeFiles/cmTC_30d6e.dir/CheckIncludeFile.c.o -MF CMakeFiles/cmTC_30d6e.dir/CheckIncludeFile.c.o.d -o CMakeFiles/cmTC_30d6e.dir/CheckIncludeFile.c.o -c /Users/a.bouix/Documents/Rails/scheduled_tweet/vendor/bundle/ruby/3.0.0/gems/rugged-1.2.0/vendor/libgit2/build/CMakeFiles/CMakeTmp/CheckIncludeFile.c
/Users/a.bouix/Documents/Rails/scheduled_tweet/vendor/bundle/ruby/3.0.0/gems/rugged-1.2.0/vendor/libgit2/build/CMakeFiles/CMakeTmp/CheckIncludeFile.c:1:10: fatal error: 'windows.h' file not found
#include <windows.h>
         ^~~~~~~~~~~
1 error generated.
make[1]: *** [CMakeFiles/cmTC_30d6e.dir/CheckIncludeFile.c.o] Error 1
make: *** [cmTC_30d6e/fast] Error 2



Determining if the function _strtoi64 exists failed with the following output:
Change Dir: /Users/a.bouix/Documents/Rails/scheduled_tweet/vendor/bundle/ruby/3.0.0/gems/rugged-1.2.0/vendor/libgit2/build/CMakeFiles/CMakeTmp

Run Build Command(s):/usr/bin/make -f Makefile cmTC_9073e/fast && /Library/Developer/CommandLineTools/usr/bin/make  -f CMakeFiles/cmTC_9073e.dir/build.make CMakeFiles/cmTC_9073e.dir/build
Building C object CMakeFiles/cmTC_9073e.dir/CheckFunctionExists.c.o
/Library/Developer/CommandLineTools/usr/bin/cc   -D_GNU_SOURCE -fPIC -Werror -Wno-error -Wall -Wextra -Wdocumentation -Wno-documentation-deprecated-sync -Wno-missing-field-initializers -Wstrict-aliasing -Wstrict-prototypes -Wdeclaration-after-statement -Wshift-count-overflow -Wunused-const-variable -Wunused-function -Wint-conversion -Wc11-extensions -Wformat -Wformat-security -Wmissing-declarations -DCHECK_FUNCTION_EXISTS=_strtoi64 -isysroot /Library/Developer/CommandLineTools/SDKs/MacOSX11.3.sdk -MD -MT CMakeFiles/cmTC_9073e.dir/CheckFunctionExists.c.o -MF CMakeFiles/cmTC_9073e.dir/CheckFunctionExists.c.o.d -o CMakeFiles/cmTC_9073e.dir/CheckFunctionExists.c.o -c /usr/local/Cellar/cmake/3.21.1/share/cmake/Modules/CheckFunctionExists.c
Linking C executable cmTC_9073e
/usr/local/Cellar/cmake/3.21.1/bin/cmake -E cmake_link_script CMakeFiles/cmTC_9073e.dir/link.txt --verbose=1
/Library/Developer/CommandLineTools/usr/bin/cc -D_GNU_SOURCE -fPIC -Werror -Wno-error -Wall -Wextra -Wdocumentation -Wno-documentation-deprecated-sync -Wno-missing-field-initializers -Wstrict-aliasing -Wstrict-prototypes -Wdeclaration-after-statement -Wshift-count-overflow -Wunused-const-variable -Wunused-function -Wint-conversion -Wc11-extensions -Wformat -Wformat-security -Wmissing-declarations -DCHECK_FUNCTION_EXISTS=_strtoi64 -isysroot /Library/Developer/CommandLineTools/SDKs/MacOSX11.3.sdk -Wl,-search_paths_first -Wl,-headerpad_max_install_names CMakeFiles/cmTC_9073e.dir/CheckFunctionExists.c.o -o cmTC_9073e 
Undefined symbols for architecture x86_64:
  "__strtoi64", referenced from:
      _main in CheckFunctionExists.c.o
ld: symbol(s) not found for architecture x86_64
clang: error: linker command failed with exit code 1 (use -v to see invocation)
make[1]: *** [cmTC_9073e] Error 1
make: *** [cmTC_9073e/fast] Error 2



Performing C SOURCE FILE Test IS_WIMPLICIT_FALLTHROUGH_1_SUPPORTED failed with the following output:
Change Dir: /Users/a.bouix/Documents/Rails/scheduled_tweet/vendor/bundle/ruby/3.0.0/gems/rugged-1.2.0/vendor/libgit2/build/CMakeFiles/CMakeTmp

Run Build Command(s):/usr/bin/make -f Makefile cmTC_205ec/fast && /Library/Developer/CommandLineTools/usr/bin/make  -f CMakeFiles/cmTC_205ec.dir/build.make CMakeFiles/cmTC_205ec.dir/build
Building C object CMakeFiles/cmTC_205ec.dir/src.c.o
/Library/Developer/CommandLineTools/usr/bin/cc -DIS_WIMPLICIT_FALLTHROUGH_1_SUPPORTED  -D_GNU_SOURCE -fPIC -Werror -Wno-error -Wall -Wextra -Wdocumentation -Wno-documentation-deprecated-sync -Wno-missing-field-initializers -Wstrict-aliasing -Wstrict-prototypes -Wdeclaration-after-statement -Wshift-count-overflow -Wunused-const-variable -Wunused-function -Wint-conversion -Wc11-extensions -Wformat -Wformat-security -Wmissing-declarations  -isysroot /Library/Developer/CommandLineTools/SDKs/MacOSX11.3.sdk   -Wimplicit-fallthrough=1 -MD -MT CMakeFiles/cmTC_205ec.dir/src.c.o -MF CMakeFiles/cmTC_205ec.dir/src.c.o.d -o CMakeFiles/cmTC_205ec.dir/src.c.o -c /Users/a.bouix/Documents/Rails/scheduled_tweet/vendor/bundle/ruby/3.0.0/gems/rugged-1.2.0/vendor/libgit2/build/CMakeFiles/CMakeTmp/src.c
warning: unknown warning option '-Wimplicit-fallthrough=1'; did you mean '-Wimplicit-fallthrough'? [-Wunknown-warning-option]
1 warning generated.
Linking C executable cmTC_205ec
/usr/local/Cellar/cmake/3.21.1/bin/cmake -E cmake_link_script CMakeFiles/cmTC_205ec.dir/link.txt --verbose=1
/Library/Developer/CommandLineTools/usr/bin/cc -D_GNU_SOURCE -fPIC -Werror -Wno-error -Wall -Wextra -Wdocumentation -Wno-documentation-deprecated-sync -Wno-missing-field-initializers -Wstrict-aliasing -Wstrict-prototypes -Wdeclaration-after-statement -Wshift-count-overflow -Wunused-const-variable -Wunused-function -Wint-conversion -Wc11-extensions -Wformat -Wformat-security -Wmissing-declarations  -isysroot /Library/Developer/CommandLineTools/SDKs/MacOSX11.3.sdk -Wl,-search_paths_first -Wl,-headerpad_max_install_names CMakeFiles/cmTC_205ec.dir/src.c.o -o cmTC_205ec 


Source file was:
int main(void) { return 0; }
Determining if the function iconv_open exists failed with the following output:
Change Dir: /Users/a.bouix/Documents/Rails/scheduled_tweet/vendor/bundle/ruby/3.0.0/gems/rugged-1.2.0/vendor/libgit2/build/CMakeFiles/CMakeTmp

Run Build Command(s):/usr/bin/make -f Makefile cmTC_d25fa/fast && /Library/Developer/CommandLineTools/usr/bin/make  -f CMakeFiles/cmTC_d25fa.dir/build.make CMakeFiles/cmTC_d25fa.dir/build
Building C object CMakeFiles/cmTC_d25fa.dir/CheckFunctionExists.c.o
/Library/Developer/CommandLineTools/usr/bin/cc   -D_GNU_SOURCE -fPIC -Werror -Wno-error -Wall -Wextra -Wdocumentation -Wno-documentation-deprecated-sync -Wno-missing-field-initializers -Wstrict-aliasing -Wstrict-prototypes -Wdeclaration-after-statement -Wshift-count-overflow -Wunused-const-variable -Wunused-function -Wint-conversion -Wc11-extensions -Wformat -Wformat-security -Wmissing-declarations -DCHECK_FUNCTION_EXISTS=iconv_open -isysroot /Library/Developer/CommandLineTools/SDKs/MacOSX11.3.sdk -MD -MT CMakeFiles/cmTC_d25fa.dir/CheckFunctionExists.c.o -MF CMakeFiles/cmTC_d25fa.dir/CheckFunctionExists.c.o.d -o CMakeFiles/cmTC_d25fa.dir/CheckFunctionExists.c.o -c /usr/local/Cellar/cmake/3.21.1/share/cmake/Modules/CheckFunctionExists.c
Linking C executable cmTC_d25fa
/usr/local/Cellar/cmake/3.21.1/bin/cmake -E cmake_link_script CMakeFiles/cmTC_d25fa.dir/link.txt --verbose=1
/Library/Developer/CommandLineTools/usr/bin/cc -D_GNU_SOURCE -fPIC -Werror -Wno-error -Wall -Wextra -Wdocumentation -Wno-documentation-deprecated-sync -Wno-missing-field-initializers -Wstrict-aliasing -Wstrict-prototypes -Wdeclaration-after-statement -Wshift-count-overflow -Wunused-const-variable -Wunused-function -Wint-conversion -Wc11-extensions -Wformat -Wformat-security -Wmissing-declarations -DCHECK_FUNCTION_EXISTS=iconv_open -isysroot /Library/Developer/CommandLineTools/SDKs/MacOSX11.3.sdk -Wl,-search_paths_first -Wl,-headerpad_max_install_names CMakeFiles/cmTC_d25fa.dir/CheckFunctionExists.c.o -o cmTC_d25fa 
Undefined symbols for architecture x86_64:
  "_iconv_open", referenced from:
      _main in CheckFunctionExists.c.o
ld: symbol(s) not found for architecture x86_64
clang: error: linker command failed with exit code 1 (use -v to see invocation)
make[1]: *** [cmTC_d25fa] Error 1
make: *** [cmTC_d25fa/fast] Error 2



